Initial data count: tag          232
patterns     232
responses    232
dtype: int64
        tag         patterns                                          responses
0  greeting               hi  [Hello there. Tell me how are you feeling toda...
1  greeting              hey  [Hello there. Tell me how are you feeling toda...
2  greeting  is anyone there  [Hello there. Tell me how are you feeling toda...

Some weights of BertForSequenceClassification were not initialized from the model checkpoint at bert-base-uncased and are newly initialized: ['classifier.bias', 'classifier.weight']
You should probably TRAIN this model on a down-stream task to be able to use it for predictions and inference.

Strain training ...
Epoch   1 - accuracy: 0.0108, loss: 3.9533 - val_accuracy: 0.0000, val_loss: 3.8487, Best model saved
Epoch   2 - accuracy: 0.1189, loss: 3.7257 - val_accuracy: 0.2128, val_loss: 3.6416, Best model saved
Epoch   3 - accuracy: 0.2486, loss: 3.4922 - val_accuracy: 0.2128, val_loss: 3.4336, Best model saved
Epoch   4 - accuracy: 0.2270, loss: 3.3261 - val_accuracy: 0.4468, val_loss: 2.9468, Best model saved
Epoch   5 - accuracy: 0.2811, loss: 3.1840 - val_accuracy: 0.5106, val_loss: 2.6954, Best model saved
Epoch   6 - accuracy: 0.3243, loss: 2.9915 - val_accuracy: 0.4255, val_loss: 2.7843
Epoch   7 - accuracy: 0.4054, loss: 2.8195 - val_accuracy: 0.5745, val_loss: 2.4590, Best model saved
Epoch   8 - accuracy: 0.4757, loss: 2.6218 - val_accuracy: 0.5957, val_loss: 2.4611
Epoch   9 - accuracy: 0.5189, loss: 2.5092 - val_accuracy: 0.6383, val_loss: 2.2808, Best model saved
Epoch  10 - accuracy: 0.6324, loss: 2.3837 - val_accuracy: 0.6596, val_loss: 2.1459, Best model saved
Epoch  11 - accuracy: 0.7081, loss: 2.1455 - val_accuracy: 0.6170, val_loss: 2.4054
Epoch  12 - accuracy: 0.6595, loss: 2.0857 - val_accuracy: 0.6809, val_loss: 2.1161, Best model saved
Epoch  13 - accuracy: 0.6973, loss: 2.0074 - val_accuracy: 0.8085, val_loss: 1.8681, Best model saved
Epoch  14 - accuracy: 0.7081, loss: 1.9647 - val_accuracy: 0.8298, val_loss: 1.6706, Best model saved
Epoch  15 - accuracy: 0.7784, loss: 1.7697 - val_accuracy: 0.8511, val_loss: 1.7799
Epoch  16 - accuracy: 0.8324, loss: 1.6800 - val_accuracy: 0.7234, val_loss: 1.7908
Epoch  17 - accuracy: 0.8649, loss: 1.6101 - val_accuracy: 0.8511, val_loss: 1.4162, Best model saved
Epoch  18 - accuracy: 0.8811, loss: 1.5521 - val_accuracy: 0.9149, val_loss: 1.2826, Best model saved
Epoch  19 - accuracy: 0.8703, loss: 1.4722 - val_accuracy: 0.9787, val_loss: 1.1763, Best model saved
Epoch  20 - accuracy: 0.8919, loss: 1.3860 - val_accuracy: 0.9149, val_loss: 1.2423
Epoch  21 - accuracy: 0.9027, loss: 1.3180 - val_accuracy: 0.9149, val_loss: 1.1520, Best model saved
Epoch  22 - accuracy: 0.9243, loss: 1.2218 - val_accuracy: 0.9574, val_loss: 1.1705
Epoch  23 - accuracy: 0.9297, loss: 1.1716 - val_accuracy: 0.9149, val_loss: 1.0308, Best model saved
Epoch  24 - accuracy: 0.9405, loss: 1.1386 - val_accuracy: 0.9362, val_loss: 0.8628, Best model saved
Epoch  25 - accuracy: 0.9297, loss: 1.0563 - val_accuracy: 0.9787, val_loss: 0.8890
Epoch  26 - accuracy: 0.9351, loss: 1.0175 - val_accuracy: 0.9787, val_loss: 0.8391, Best model saved
Epoch  27 - accuracy: 0.9622, loss: 0.9402 - val_accuracy: 0.9574, val_loss: 0.8111, Best model saved
Epoch  28 - accuracy: 0.9459, loss: 0.9292 - val_accuracy: 0.9787, val_loss: 0.6735, Best model saved
Epoch  29 - accuracy: 0.9459, loss: 0.8664 - val_accuracy: 0.9574, val_loss: 0.6419, Best model saved
Epoch  30 - accuracy: 0.9676, loss: 0.7621 - val_accuracy: 0.9787, val_loss: 0.8322
Epoch  31 - accuracy: 0.9730, loss: 0.7759 - val_accuracy: 0.9574, val_loss: 0.6242, Best model saved
Epoch  32 - accuracy: 0.9676, loss: 0.6806 - val_accuracy: 0.9787, val_loss: 0.7984
Epoch  33 - accuracy: 0.9676, loss: 0.7113 - val_accuracy: 1.0000, val_loss: 0.5394, Best model saved
Epoch  34 - accuracy: 0.9784, loss: 0.6387 - val_accuracy: 0.9574, val_loss: 0.6013
Epoch  35 - accuracy: 0.9838, loss: 0.5962 - val_accuracy: 0.9787, val_loss: 0.6253
Epoch  36 - accuracy: 0.9838, loss: 0.5828 - val_accuracy: 0.9574, val_loss: 0.5727
Epoch  37 - accuracy: 0.9838, loss: 0.5549 - val_accuracy: 0.9574, val_loss: 0.5233, Best model saved
Epoch  38 - accuracy: 0.9784, loss: 0.5198 - val_accuracy: 1.0000, val_loss: 0.5369
Epoch  39 - accuracy: 0.9946, loss: 0.5376 - val_accuracy: 0.9787, val_loss: 0.3437, Best model saved
Epoch  40 - accuracy: 0.9730, loss: 0.5183 - val_accuracy: 0.9787, val_loss: 0.3800
Epoch  41 - accuracy: 0.9892, loss: 0.4939 - val_accuracy: 0.9787, val_loss: 0.3631
Epoch  42 - accuracy: 0.9784, loss: 0.4442 - val_accuracy: 1.0000, val_loss: 0.4636
Epoch  43 - accuracy: 0.9892, loss: 0.4171 - val_accuracy: 1.0000, val_loss: 0.4594
Epoch  44 - accuracy: 0.9892, loss: 0.4436 - val_accuracy: 1.0000, val_loss: 0.2209, Best model saved
Epoch  45 - accuracy: 0.9892, loss: 0.3925 - val_accuracy: 0.9787, val_loss: 0.3576
Epoch  46 - accuracy: 0.9838, loss: 0.3777 - val_accuracy: 1.0000, val_loss: 0.3682
Epoch  47 - accuracy: 0.9946, loss: 0.3749 - val_accuracy: 1.0000, val_loss: 0.2667
Epoch  48 - accuracy: 0.9892, loss: 0.3452 - val_accuracy: 0.9787, val_loss: 0.3548
Epoch  49 - accuracy: 0.9946, loss: 0.3470 - val_accuracy: 0.9787, val_loss: 0.3328


Early stopping triggered after 49 epochs!

Training time: 179.09 secs
Predicted Intent: anxious
Probability: 0.3718